[2023-10-26 16:55:12] [Test worker] [WARN ] [org.springframework.context.support.AbstractApplicationContext.refresh:591] - Exception encountered during context initialization - cancelling refresh attempt: org.springframework.beans.factory.BeanCreationException: Error creating bean with name 'dataSourceScriptDatabaseInitializer' defined in class path resource [org/springframework/boot/autoconfigure/sql/init/DataSourceInitializationConfiguration.class]: Invocation of init method failed; nested exception is org.springframework.jdbc.datasource.init.ScriptStatementFailedException: Failed to execute SQL script statement #43 of URL [file:/C:/Users/cgoya/Desktop/step3ver2/Team1_BE/build/resources/test/data.sql]: <<<<<<< HEAD INSERT INTO apply (`id`,`status`,`member_id`,`worktime_id`) VALUES (18, ''REMAIN'', 3, 2), (19, ''REMAIN'', 3, 3), (20, ''REMAIN'', 3, 4), (21, ''REMAIN'', 3, 5), (22, ''REMAIN'', 3, 6), (23, ''REMAIN', 3, 8),
    (24, 'REMAIN', 3, 9),
    (25, 'REMAIN', 3, 10),
    (26, 'REMAIN', 3, 11),
    (27, 'REMAIN', 3, 12),
    (28, 'REMAIN', 3, 13),
    (29, 'REMAIN', 3, 14),
    (30, 'REMAIN', 3, 15),
    (31, 'REMAIN', 3, 16),
    (32, 'REMAIN', 3, 17),
    (33, 'REMAIN', 3, 18);
=======
INSERT INTO apply (`id`, `status`, `user_id`, `worktime_id`)
VALUES (18, 'REMAIN', 3, 2),
       (19, 'REMAIN', 3, 3),
       (20, 'REMAIN', 3, 4),
       (21, 'REMAIN', 3, 5),
       (22, 'REMAIN', 3, 6),
       (23, 'REMAIN', 3, 8),
       (24, 'REMAIN', 3, 9),
       (25, 'REMAIN', 3, 10),
       (26, 'REMAIN', 3, 11),
       (27, 'REMAIN', 3, 12),
       (28, 'REMAIN', 3, 13),
       (29, 'REMAIN', 3, 14),
       (30, 'REMAIN', 3, 15),
       (31, 'REMAIN', 3, 16),
       (32, 'REMAIN', 3, 17),
       (33, 'REMAIN', 3, 18);
>>>>>>> 185efac0afb7b4d38fa2fa9769e9dfe389eb90a7

INSERT INTO apply (`id`, `status`, `user_id`, `worktime_id`)
VALUES (34, 'REMAIN', 4, 1),
       (35, 'REMAIN', 4, 3),
       (36, 'REMAIN', 4, 4),
       (37, 'REMAIN', 4, 5),
       (38, 'REMAIN', 4, 7),
       (39, 'REMAIN', 4, 9),
       (40, 'REMAIN', 4, 10),
       (41, 'REMAIN', 4, 15),
       (42, 'REMAIN', 4, 17),
       (43, 'REMAIN', 4, 18);

INSERT INTO apply (`id`, `status`, `user_id`, `worktime_id`)
VALUES (44, 'REMAIN', 5, 1),
       (45, 'REMAIN', 5, 3),
       (46, 'REMAIN', 5, 4),
       (47, 'REMAIN', 5, 5),
       (48, 'REMAIN', 5, 6),
       (49, 'REMAIN', 5, 7),
       (50, 'REMAIN', 5, 8),
       (51, 'REMAIN', 5, 9),
       (52, 'REMAIN', 5, 10),
       (53, 'REMAIN', 5, 15),
       (54, 'REMAIN', 5, 16),
       (55, 'REMAIN', 5, 17),
       (56, 'REMAIN', 5, 18);

INSERT INTO apply (`id`, `status`, `user_id`, `worktime_id`)
VALUES (57, 'REMAIN', 6, 1),
       (58, 'REMAIN', 6, 3),
       (59, 'REMAIN', 6, 4),
       (60, 'REMAIN', 6, 5),
       (61, 'REMAIN', 6, 7),
       (62, 'REMAIN', 6, 9),
       (63, 'REMAIN', 6, 10),
       (64, 'REMAIN', 6, 15),
       (65, 'REMAIN', 6, 17);

INSERT INTO worktime (`id`, `title`, `start_time`, `end_time`, `amount`, `day_id`)
VALUES (19, '?ò§?îà', '00:00:00', '06:00:00', 3, 8),
       (20, '?ò§?îà', '06:00:00', '09:00:00', 2, 8),
       (21, '?ò§?îà', '09:00:00', '15:00:00', 1, 8);

INSERT INTO worktime (`id`, `title`, `start_time`, `end_time`, `amount`, `day_id`)
VALUES (22, 'ÎØ∏Îì§', '00:00:00', '06:00:00', 2, 9),
       (23, 'ÎØ∏Îì§', '06:00:00', '09:00:00', 2, 9),
       (24, 'ÎØ∏Îì§', '09:00:00', '15:00:00', 2, 9);

INSERT INTO worktime (`id`, `title`, `start_time`, `end_time`, `amount`, `day_id`)
VALUES (25, 'ÎßàÍ∞ê', '00:00:00', '06:00:00', 3, 10),
       (26, 'ÎßàÍ∞ê', '06:00:00', '09:00:00', 3, 10);

INSERT INTO worktime (`id`, `title`, `start_time`, `end_time`, `amount`, `day_id`)
VALUES (27, '?ò§?îà', '00:00:00', '06:00:00', 1, 11),
       (28, '?ò§?îà', '06:00:00', '09:00:00', 1, 11),
       (29, '?ò§?îà', '09:00:00', '15:00:00', 1, 11);

INSERT INTO worktime (`id`, `title`, `start_time`, `end_time`, `amount`, `day_id`)
VALUES (30, 'ÎØ∏Îì§', '00:00:00', '06:00:00', 1, 12),
       (31, 'ÎØ∏Îì§', '06:00:00', '09:00:00', 2, 12),
       (32, 'ÎØ∏Îì§', '09:00:00', '15:00:00', 1, 12);

INSERT INTO worktime (`id`, `title`, `start_time`, `end_time`, `amount`, `day_id`)
VALUES (33, '?Ü†?öî?ùº', '00:00:00', '06:00:00', 1, 13),
       (34, '?Ü†?öî?ùº', '06:00:00', '09:00:00', 1, 13);

INSERT INTO worktime (`id`, `title`, `start_time`, `end_time`, `amount`, `day_id`)
VALUES (35, 'ÎßàÏ?Îß?', '00:00:00', '06:00:00', 2, 14),
       (36, 'ÎßàÏ?Îß?', '06:00:00', '09:00:00', 2, 14);

INSERT INTO apply (`id`, `status`, `user_id`, `worktime_id`)
VALUES (65 + 1, 'REMAIN', 2, 18 + 1),
       (65 + 2, 'REMAIN', 2, 18 + 2),
       (65 + 3, 'REMAIN', 2, 18 + 3),
       (65 + 4, 'REMAIN', 2, 18 + 4),
       (65 + 5, 'REMAIN', 2, 18 + 5),
       (65 + 6, 'REMAIN', 2, 18 + 7),
       (65 + 7, 'REMAIN', 2, 18 + 8),
       (65 + 8, 'REMAIN', 2, 18 + 9),
       (65 + 9, 'REMAIN', 2, 18 + 10),
       (65 + 11, 'REMAIN', 2, 18 + 12),
       (65 + 12, 'REMAIN', 2, 18 + 13),
       (65 + 13, 'REMAIN', 2, 18 + 14),
       (65 + 14, 'REMAIN', 2, 18 + 15),
       (65 + 15, 'REMAIN', 2, 18 + 16),
       (65 + 16, 'REMAIN', 2, 18 + 17),
       (65 + 17, 'REMAIN', 2, 18 + 18);

INSERT INTO apply (`id`, `status`, `user_id`, `worktime_id`)
VALUES (65 + 18, 'REMAIN', 3, 18 + 2),
       (65 + 19, 'REMAIN', 3, 18 + 3),
       (65 + 20, 'REMAIN', 3, 18 + 4),
       (65 + 21, 'REMAIN', 3, 18 + 5),
       (65 + 22, 'REMAIN', 3, 18 + 6),
       (65 + 23, 'REMAIN', 3, 18 + 8),
       (65 + 24, 'REMAIN', 3, 18 + 9),
       (65 + 25, 'REMAIN', 3, 18 + 10),
       (65 + 26, 'REMAIN', 3, 18 + 11),
       (65 + 27, 'REMAIN', 3, 18 + 12),
       (65 + 28, 'REMAIN', 3, 18 + 13),
       (65 + 29, 'REMAIN', 3, 18 + 14),
       (65 + 30, 'REMAIN', 3, 18 + 15),
       (65 + 31, 'REMAIN', 3, 18 + 16),
       (65 + 32, 'REMAIN', 3, 18 + 17),
       (65 + 33, 'REMAIN', 3, 18 + 18);

INSERT INTO apply (`id`, `status`, `user_id`, `worktime_id`)
VALUES (65 + 34, 'REMAIN', 4, 18 + 1),
       (65 + 35, 'REMAIN', 4, 18 + 3),
       (65 + 36, 'REMAIN', 4, 18 + 4),
       (65 + 37, 'REMAIN', 4, 18 + 5),
       (65 + 38, 'REMAIN', 4, 18 + 7),
       (65 + 39, 'REMAIN', 4, 18 + 9),
       (65 + 40, 'REMAIN', 4, 18 + 10),
       (65 + 41, 'REMAIN', 4, 18 + 15),
       (65 + 42, 'REMAIN', 4, 18 + 17),
       (65 + 43, 'REMAIN', 4, 18 + 18);

INSERT INTO apply (`id`, `status`, `user_id`, `worktime_id`)
VALUES (65 + 44, 'REMAIN', 5, 18 + 1),
       (65 + 45, 'REMAIN', 5, 18 + 3),
       (65 + 46, 'REMAIN', 5, 18 + 4),
       (65 + 47, 'REMAIN', 5, 18 + 5),
       (65 + 48, 'REMAIN', 5, 18 + 6),
       (65 + 49, 'REMAIN', 5, 18 + 7),
       (65 + 50, 'REMAIN', 5, 18 + 8),
       (65 + 51, 'REMAIN', 5, 18 + 9),
       (65 + 52, 'REMAIN', 5, 18 + 10),
       (65 + 53, 'REMAIN', 5, 18 + 15),
       (65 + 54, 'REMAIN', 5, 18 + 16),
       (65 + 55, 'REMAIN', 5, 18 + 17),
       (65 + 56, 'REMAIN', 5, 18 + 18);

INSERT INTO apply (`id`, `status`, `user_id`, `worktime_id`)
VALUES (65 + 57, 'REMAIN', 6, 18 + 1),
       (65 + 58, 'REMAIN', 6, 18 + 3),
       (65 + 59, 'REMAIN', 6, 18 + 4),
       (65 + 60, 'REMAIN', 6, 18 + 5),
       (65 + 61, 'REMAIN', 6, 18 + 7),
       (65 + 62, 'REMAIN', 6, 18 + 9),
       (65 + 63, 'REMAIN', 6, 18 + 10),
       (65 + 64, 'REMAIN', 6, 18 + 15),
       (65 + 65, 'REMAIN', 6, 18 + 17);; nested exception is org.h2.jdbc.JdbcSQLSyntaxErrorException: Syntax error in SQL statement "<<<<<<< HEAD INSERT INTO apply (`id`,`status`,`member_id`,`worktime_id`) VALUES (18, ''REMAIN'', 3, 2), (19, ''REMAIN'', 3, 3), (20, ''REMAIN'', 3, 4), (21, ''REMAIN'', 3, 5), (22, ''REMAIN'', 3, 6), (23, ''REMAIN', 3, 8),\000a    (24, 'REMAIN', 3, 9),\000a    (25, 'REMAIN', 3, 10),\000a    (26, 'REMAIN', 3, 11),\000a    (27, 'REMAIN', 3, 12),\000a    (28, 'REMAIN', 3, 13),\000a    (29, 'REMAIN', 3, 14),\000a    (30, 'REMAIN', 3, 15),\000a    (31, 'REMAIN', 3, 16),\000a    (32, 'REMAIN', 3, 17),\000a    (33, 'REMAIN', 3, 18);\000a=======\000aINSERT INTO apply (`id`, `status`, `user_id`, `worktime_id`)\000aVALUES (18, 'REMAIN', 3, 2),\000a       (19, 'REMAIN', 3, 3),\000a       (20, 'REMAIN', 3, 4),\000a       (21, 'REMAIN', 3, 5),\000a       (22, 'REMAIN', 3, 6),\000a       (23, 'REMAIN', 3, 8),\000a       (24, 'REMAIN', 3, 9),\000a       (25, 'REMAIN', 3, 10),\000a       (26, 'REMAIN', 3, 11),\000a       (27, 'REMAIN', 3, 12),\000a       (28, 'REMAIN', 3, 13),\000a       (29, 'REMAIN', 3, 14),\000a       (30, 'REMAIN', 3, 15),\000a       (31, 'REMAIN', 3, 16),\000a       (32, 'REMAIN', 3, 17),\000a       (33, 'REMAIN', 3, 18);\000a>>>>>>> 185efac0afb7b4d38fa2fa9769e9dfe389eb90a7\000a\000aINSERT INTO apply (`id`, `status`, `user_id`, `worktime_id`)\000aVALUES (34, 'REMAIN', 4, 1),\000a       (35, 'REMAIN', 4, 3),\000a       (36, 'REMAIN', 4, 4),\000a       (37, 'REMAIN', 4, 5),\000a       (38, 'REMAIN', 4, 7),\000a       (39, 'REMAIN', 4, 9),\000a       (40, 'REMAIN', 4, 10),\000a       (41, 'REMAIN', 4, 15),\000a       (42, 'REMAIN', 4, 17),\000a       (43, 'REMAIN', 4, 18);\000a\000aINSERT INTO apply (`id`, `status`, `user_id`, `worktime_id`)\000aVALUES (44, 'REMAIN', 5, 1),\000a       (45, 'REMAIN', 5, 3),\000a       (46, 'REMAIN', 5, 4),\000a       (47, 'REMAIN', 5, 5),\000a       (48, 'REMAIN', 5, 6),\000a       (49, 'REMAIN', 5, 7),\000a       (50, 'REMAIN', 5, 8),\000a       (51, 'REMAIN', 5, 9),\000a       (52, 'REMAIN', 5, 10),\000a       (53, 'REMAIN', 5, 15),\000a       (54, 'REMAIN', 5, 16),\000a       (55, 'REMAIN', 5, 17),\000a       (56, 'REMAIN', 5, 18);\000a\000aINSERT INTO apply (`id`, `status`, `user_id`, `worktime_id`)\000aVALUES (57, 'REMAIN', 6, 1),\000a       (58, 'REMAIN', 6, 3),\000a       (59, 'REMAIN', 6, 4),\000a       (60, 'REMAIN', 6, 5),\000a       (61, 'REMAIN', 6, 7),\000a       (62, 'REMAIN', 6, 9),\000a       (63, 'REMAIN', 6, 10),\000a       (64, 'REMAIN', 6, 15),\000a       (65, 'REMAIN', 6, 17);\000a\000aINSERT INTO worktime (`id`, `title`, `start_time`, `end_time`, `amount`, `day_id`)\000aVALUES (19, '[*]?ò§?îà', '00:00:00', '06:00:00', 3, 8),\000a       (20, '?ò§?îà', '06:00:00', '09:00:00', 2, 8),\000a       (21, '?ò§?îà', '09:00:00', '15:00:00', 1, 8);\000a\000aINSERT INTO worktime (`id`, `title`, `start_time`, `end_time`, `amount`, `day_id`)\000aVALUES (22, 'ÎØ∏Îì§', '00:00:00', '06:00:00', 2, 9),\000a       (23, 'ÎØ∏Îì§', '06:00:00', '09:00:00', 2, 9),\000a       (24, 'ÎØ∏Îì§', '09:00:00', '15:00:00', 2, 9);\000a\000aINSERT INTO worktime (`id`, `title`, `start_time`, `end_time`, `amount`, `day_id`)\000aVALUES (25, 'ÎßàÍ∞ê', '00:00:00', '06:00:00', 3, 10),\000a       (26, 'ÎßàÍ∞ê', '06:00:00', '09:00:00', 3, 10);\000a\000aINSERT INTO worktime (`id`, `title`, `start_time`, `end_time`, `amount`, `day_id`)\000aVALUES (27, '?ò§?îà', '00:00:00', '06:00:00', 1, 11),\000a       (28, '?ò§?îà', '06:00:00', '09:00:00', 1, 11),\000a       (29, '?ò§?îà', '09:00:00', '15:00:00', 1, 11);\000a\000aINSERT INTO worktime (`id`, `title`, `start_time`, `end_time`, `amount`, `day_id`)\000aVALUES (30, 'ÎØ∏Îì§', '00:00:00', '06:00:00', 1, 12),\000a       (31, 'ÎØ∏Îì§', '06:00:00', '09:00:00', 2, 12),\000a       (32, 'ÎØ∏Îì§', '09:00:00', '15:00:00', 1, 12);\000a\000aINSERT INTO worktime (`id`, `title`, `start_time`, `end_time`, `amount`, `day_id`)\000aVALUES (33, '?Ü†?öî?ùº', '00:00:00', '06:00:00', 1, 13),\000a       (34, '?Ü†?öî?ùº', '06:00:00', '09:00:00', 1, 13);\000a\000aINSERT INTO worktime (`id`, `title`, `start_time`, `end_time`, `amount`, `day_id`)\000aVALUES (35, 'ÎßàÏ?Îß?', '00:00:00', '06:00:00', 2, 14),\000a       (36, 'ÎßàÏ?Îß?', '06:00:00', '09:00:00', 2, 14);\000a\000aINSERT INTO apply (`id`, `status`, `user_id`, `worktime_id`)\000aVALUES (65 + 1, 'REMAIN', 2, 18 + 1),\000a       (65 + 2, 'REMAIN', 2, 18 + 2),\000a       (65 + 3, 'REMAIN', 2, 18 + 3),\000a       (65 + 4, 'REMAIN', 2, 18 + 4),\000a       (65 + 5, 'REMAIN', 2, 18 + 5),\000a       (65 + 6, 'REMAIN', 2, 18 + 7),\000a       (65 + 7, 'REMAIN', 2, 18 + 8),\000a       (65 + 8, 'REMAIN', 2, 18 + 9),\000a       (65 + 9, 'REMAIN', 2, 18 + 10),\000a       (65 + 11, 'REMAIN', 2, 18 + 12),\000a       (65 + 12, 'REMAIN', 2, 18 + 13),\000a       (65 + 13, 'REMAIN', 2, 18 + 14),\000a       (65 + 14, 'REMAIN', 2, 18 + 15),\000a       (65 + 15, 'REMAIN', 2, 18 + 16),\000a       (65 + 16, 'REMAIN', 2, 18 + 17),\000a       (65 + 17, 'REMAIN', 2, 18 + 18);\000a\000aINSERT INTO apply (`id`, `status`, `user_id`, `worktime_id`)\000aVALUES (65 + 18, 'REMAIN', 3, 18 + 2),\000a       (65 + 19, 'REMAIN', 3, 18 + 3),\000a       (65 + 20, 'REMAIN', 3, 18 + 4),\000a       (65 + 21, 'REMAIN', 3, 18 + 5),\000a       (65 + 22, 'REMAIN', 3, 18 + 6),\000a       (65 + 23, 'REMAIN', 3, 18 + 8),\000a       (65 + 24, 'REMAIN', 3, 18 + 9),\000a       (65 + 25, 'REMAIN', 3, 18 + 10),\000a       (65 + 26, 'REMAIN', 3, 18 + 11),\000a       (65 + 27, 'REMAIN', 3, 18 + 12),\000a       (65 + 28, 'REMAIN', 3, 18 + 13),\000a       (65 + 29, 'REMAIN', 3, 18 + 14),\000a       (65 + 30, 'REMAIN', 3, 18 + 15),\000a       (65 + 31, 'REMAIN', 3, 18 + 16),\000a       (65 + 32, 'REMAIN', 3, 18 + 17),\000a       (65 + 33, 'REMAIN', 3, 18 + 18);\000a\000aINSERT INTO apply (`id`, `status`, `user_id`, `worktime_id`)\000aVALUES (65 + 34, 'REMAIN', 4, 18 + 1),\000a       (65 + 35, 'REMAIN', 4, 18 + 3),\000a       (65 + 36, 'REMAIN', 4, 18 + 4),\000a       (65 + 37, 'REMAIN', 4, 18 + 5),\000a       (65 + 38, 'REMAIN', 4, 18 + 7),\000a       (65 + 39, 'REMAIN', 4, 18 + 9),\000a       (65 + 40, 'REMAIN', 4, 18 + 10),\000a       (65 + 41, 'REMAIN', 4, 18 + 15),\000a       (65 + 42, 'REMAIN', 4, 18 + 17),\000a       (65 + 43, 'REMAIN', 4, 18 + 18);\000a\000aINSERT INTO apply (`id`, `status`, `user_id`, `worktime_id`)\000aVALUES (65 + 44, 'REMAIN', 5, 18 + 1),\000a       (65 + 45, 'REMAIN', 5, 18 + 3),\000a       (65 + 46, 'REMAIN', 5, 18 + 4),\000a       (65 + 47, 'REMAIN', 5, 18 + 5),\000a       (65 + 48, 'REMAIN', 5, 18 + 6),\000a       (65 + 49, 'REMAIN', 5, 18 + 7),\000a       (65 + 50, 'REMAIN', 5, 18 + 8),\000a       (65 + 51, 'REMAIN', 5, 18 + 9),\000a       (65 + 52, 'REMAIN', 5, 18 + 10),\000a       (65 + 53, 'REMAIN', 5, 18 + 15),\000a       (65 + 54, 'REMAIN', 5, 18 + 16),\000a       (65 + 55, 'REMAIN', 5, 18 + 17),\000a       (65 + 56, 'REMAIN', 5, 18 + 18);\000a\000aINSERT INTO apply (`id`, `status`, `user_id`, `worktime_id`)\000aVALUES (65 + 57, 'REMAIN', 6, 18 + 1),\000a       (65 + 58, 'REMAIN', 6, 18 + 3),\000a       (65 + 59, 'REMAIN', 6, 18 + 4),\000a       (65 + 60, 'REMAIN', 6, 18 + 5),\000a       (65 + 61, 'REMAIN', 6, 18 + 7),\000a       (65 + 62, 'REMAIN', 6, 18 + 9),\000a       (65 + 63, 'REMAIN', 6, 18 + 10),\000a       (65 + 64, 'REMAIN', 6, 18 + 15),\000a       (65 + 65, 'REMAIN', 6, 18 + 17);"; SQL statement:
<<<<<<< HEAD INSERT INTO apply (`id`,`status`,`member_id`,`worktime_id`) VALUES (18, ''REMAIN'', 3, 2), (19, ''REMAIN'', 3, 3), (20, ''REMAIN'', 3, 4), (21, ''REMAIN'', 3, 5), (22, ''REMAIN'', 3, 6), (23, ''REMAIN', 3, 8),
    (24, 'REMAIN', 3, 9),
    (25, 'REMAIN', 3, 10),
    (26, 'REMAIN', 3, 11),
    (27, 'REMAIN', 3, 12),
    (28, 'REMAIN', 3, 13),
    (29, 'REMAIN', 3, 14),
    (30, 'REMAIN', 3, 15),
    (31, 'REMAIN', 3, 16),
    (32, 'REMAIN', 3, 17),
    (33, 'REMAIN', 3, 18);
=======
INSERT INTO apply (`id`, `status`, `user_id`, `worktime_id`)
VALUES (18, 'REMAIN', 3, 2),
       (19, 'REMAIN', 3, 3),
       (20, 'REMAIN', 3, 4),
       (21, 'REMAIN', 3, 5),
       (22, 'REMAIN', 3, 6),
       (23, 'REMAIN', 3, 8),
       (24, 'REMAIN', 3, 9),
       (25, 'REMAIN', 3, 10),
       (26, 'REMAIN', 3, 11),
       (27, 'REMAIN', 3, 12),
       (28, 'REMAIN', 3, 13),
       (29, 'REMAIN', 3, 14),
       (30, 'REMAIN', 3, 15),
       (31, 'REMAIN', 3, 16),
       (32, 'REMAIN', 3, 17),
       (33, 'REMAIN', 3, 18);
>>>>>>> 185efac0afb7b4d38fa2fa9769e9dfe389eb90a7

INSERT INTO apply (`id`, `status`, `user_id`, `worktime_id`)
VALUES (34, 'REMAIN', 4, 1),
       (35, 'REMAIN', 4, 3),
       (36, 'REMAIN', 4, 4),
       (37, 'REMAIN', 4, 5),
       (38, 'REMAIN', 4, 7),
       (39, 'REMAIN', 4, 9),
       (40, 'REMAIN', 4, 10),
       (41, 'REMAIN', 4, 15),
       (42, 'REMAIN', 4, 17),
       (43, 'REMAIN', 4, 18);

INSERT INTO apply (`id`, `status`, `user_id`, `worktime_id`)
VALUES (44, 'REMAIN', 5, 1),
       (45, 'REMAIN', 5, 3),
       (46, 'REMAIN', 5, 4),
       (47, 'REMAIN', 5, 5),
       (48, 'REMAIN', 5, 6),
       (49, 'REMAIN', 5, 7),
       (50, 'REMAIN', 5, 8),
       (51, 'REMAIN', 5, 9),
       (52, 'REMAIN', 5, 10),
       (53, 'REMAIN', 5, 15),
       (54, 'REMAIN', 5, 16),
       (55, 'REMAIN', 5, 17),
       (56, 'REMAIN', 5, 18);

INSERT INTO apply (`id`, `status`, `user_id`, `worktime_id`)
VALUES (57, 'REMAIN', 6, 1),
       (58, 'REMAIN', 6, 3),
       (59, 'REMAIN', 6, 4),
       (60, 'REMAIN', 6, 5),
       (61, 'REMAIN', 6, 7),
       (62, 'REMAIN', 6, 9),
       (63, 'REMAIN', 6, 10),
       (64, 'REMAIN', 6, 15),
       (65, 'REMAIN', 6, 17);

INSERT INTO worktime (`id`, `title`, `start_time`, `end_time`, `amount`, `day_id`)
VALUES (19, '?ò§?îà', '00:00:00', '06:00:00', 3, 8),
       (20, '?ò§?îà', '06:00:00', '09:00:00', 2, 8),
       (21, '?ò§?îà', '09:00:00', '15:00:00', 1, 8);

INSERT INTO worktime (`id`, `title`, `start_time`, `end_time`, `amount`, `day_id`)
VALUES (22, 'ÎØ∏Îì§', '00:00:00', '06:00:00', 2, 9),
       (23, 'ÎØ∏Îì§', '06:00:00', '09:00:00', 2, 9),
       (24, 'ÎØ∏Îì§', '09:00:00', '15:00:00', 2, 9);

INSERT INTO worktime (`id`, `title`, `start_time`, `end_time`, `amount`, `day_id`)
VALUES (25, 'ÎßàÍ∞ê', '00:00:00', '06:00:00', 3, 10),
       (26, 'ÎßàÍ∞ê', '06:00:00', '09:00:00', 3, 10);

INSERT INTO worktime (`id`, `title`, `start_time`, `end_time`, `amount`, `day_id`)
VALUES (27, '?ò§?îà', '00:00:00', '06:00:00', 1, 11),
       (28, '?ò§?îà', '06:00:00', '09:00:00', 1, 11),
       (29, '?ò§?îà', '09:00:00', '15:00:00', 1, 11);

INSERT INTO worktime (`id`, `title`, `start_time`, `end_time`, `amount`, `day_id`)
VALUES (30, 'ÎØ∏Îì§', '00:00:00', '06:00:00', 1, 12),
       (31, 'ÎØ∏Îì§', '06:00:00', '09:00:00', 2, 12),
       (32, 'ÎØ∏Îì§', '09:00:00', '15:00:00', 1, 12);

INSERT INTO worktime (`id`, `title`, `start_time`, `end_time`, `amount`, `day_id`)
VALUES (33, '?Ü†?öî?ùº', '00:00:00', '06:00:00', 1, 13),
       (34, '?Ü†?öî?ùº', '06:00:00', '09:00:00', 1, 13);

INSERT INTO worktime (`id`, `title`, `start_time`, `end_time`, `amount`, `day_id`)
VALUES (35, 'ÎßàÏ?Îß?', '00:00:00', '06:00:00', 2, 14),
       (36, 'ÎßàÏ?Îß?', '06:00:00', '09:00:00', 2, 14);

INSERT INTO apply (`id`, `status`, `user_id`, `worktime_id`)
VALUES (65 + 1, 'REMAIN', 2, 18 + 1),
       (65 + 2, 'REMAIN', 2, 18 + 2),
       (65 + 3, 'REMAIN', 2, 18 + 3),
       (65 + 4, 'REMAIN', 2, 18 + 4),
       (65 + 5, 'REMAIN', 2, 18 + 5),
       (65 + 6, 'REMAIN', 2, 18 + 7),
       (65 + 7, 'REMAIN', 2, 18 + 8),
       (65 + 8, 'REMAIN', 2, 18 + 9),
       (65 + 9, 'REMAIN', 2, 18 + 10),
       (65 + 11, 'REMAIN', 2, 18 + 12),
       (65 + 12, 'REMAIN', 2, 18 + 13),
       (65 + 13, 'REMAIN', 2, 18 + 14),
       (65 + 14, 'REMAIN', 2, 18 + 15),
       (65 + 15, 'REMAIN', 2, 18 + 16),
       (65 + 16, 'REMAIN', 2, 18 + 17),
       (65 + 17, 'REMAIN', 2, 18 + 18);

INSERT INTO apply (`id`, `status`, `user_id`, `worktime_id`)
VALUES (65 + 18, 'REMAIN', 3, 18 + 2),
       (65 + 19, 'REMAIN', 3, 18 + 3),
       (65 + 20, 'REMAIN', 3, 18 + 4),
       (65 + 21, 'REMAIN', 3, 18 + 5),
       (65 + 22, 'REMAIN', 3, 18 + 6),
       (65 + 23, 'REMAIN', 3, 18 + 8),
       (65 + 24, 'REMAIN', 3, 18 + 9),
       (65 + 25, 'REMAIN', 3, 18 + 10),
       (65 + 26, 'REMAIN', 3, 18 + 11),
       (65 + 27, 'REMAIN', 3, 18 + 12),
       (65 + 28, 'REMAIN', 3, 18 + 13),
       (65 + 29, 'REMAIN', 3, 18 + 14),
       (65 + 30, 'REMAIN', 3, 18 + 15),
       (65 + 31, 'REMAIN', 3, 18 + 16),
       (65 + 32, 'REMAIN', 3, 18 + 17),
       (65 + 33, 'REMAIN', 3, 18 + 18);

INSERT INTO apply (`id`, `status`, `user_id`, `worktime_id`)
VALUES (65 + 34, 'REMAIN', 4, 18 + 1),
       (65 + 35, 'REMAIN', 4, 18 + 3),
       (65 + 36, 'REMAIN', 4, 18 + 4),
       (65 + 37, 'REMAIN', 4, 18 + 5),
       (65 + 38, 'REMAIN', 4, 18 + 7),
       (65 + 39, 'REMAIN', 4, 18 + 9),
       (65 + 40, 'REMAIN', 4, 18 + 10),
       (65 + 41, 'REMAIN', 4, 18 + 15),
       (65 + 42, 'REMAIN', 4, 18 + 17),
       (65 + 43, 'REMAIN', 4, 18 + 18);

INSERT INTO apply (`id`, `status`, `user_id`, `worktime_id`)
VALUES (65 + 44, 'REMAIN', 5, 18 + 1),
       (65 + 45, 'REMAIN', 5, 18 + 3),
       (65 + 46, 'REMAIN', 5, 18 + 4),
       (65 + 47, 'REMAIN', 5, 18 + 5),
       (65 + 48, 'REMAIN', 5, 18 + 6),
       (65 + 49, 'REMAIN', 5, 18 + 7),
       (65 + 50, 'REMAIN', 5, 18 + 8),
       (65 + 51, 'REMAIN', 5, 18 + 9),
       (65 + 52, 'REMAIN', 5, 18 + 10),
       (65 + 53, 'REMAIN', 5, 18 + 15),
       (65 + 54, 'REMAIN', 5, 18 + 16),
       (65 + 55, 'REMAIN', 5, 18 + 17),
       (65 + 56, 'REMAIN', 5, 18 + 18);

INSERT INTO apply (`id`, `status`, `user_id`, `worktime_id`)
VALUES (65 + 57, 'REMAIN', 6, 18 + 1),
       (65 + 58, 'REMAIN', 6, 18 + 3),
       (65 + 59, 'REMAIN', 6, 18 + 4),
       (65 + 60, 'REMAIN', 6, 18 + 5),
       (65 + 61, 'REMAIN', 6, 18 + 7),
       (65 + 62, 'REMAIN', 6, 18 + 9),
       (65 + 63, 'REMAIN', 6, 18 + 10),
       (65 + 64, 'REMAIN', 6, 18 + 15),
       (65 + 65, 'REMAIN', 6, 18 + 17); [42000-214]
